{"/Users/lucas/WebstormProjects/javascript-dependency-injection/di.js":{"path":"/Users/lucas/WebstormProjects/javascript-dependency-injection/di.js","s":{"1":1,"2":1,"3":1,"4":1,"5":6,"6":6,"7":6,"8":6,"9":6,"10":6,"11":1,"12":1,"13":1,"14":1,"15":0,"16":1,"17":1,"18":18,"19":0,"20":1,"21":1,"22":18,"23":18,"24":18,"25":1,"26":83,"27":17,"28":17,"29":83,"30":83,"31":59,"32":59,"33":58,"34":64,"35":58,"36":38,"37":20,"38":6,"39":14,"40":57,"41":40,"42":1,"43":37,"44":40,"45":37,"46":37,"47":37,"48":37,"49":35,"50":38,"51":57,"52":57,"53":193,"54":193,"55":20,"56":173,"57":55,"58":38,"59":38,"60":2,"61":4,"62":2,"63":38,"64":17,"65":38,"66":173,"67":173,"68":23,"69":22,"70":21,"71":1,"72":1,"73":1,"74":171,"75":1,"76":1},"b":{"1":[6,6],"2":[6,0],"3":[1,0],"4":[0,1],"5":[0,18],"6":[17,66],"7":[83,83],"8":[83,0],"9":[83,34],"10":[58,1],"11":[38,20],"12":[6,14],"13":[37,6],"14":[37,3],"15":[58,135],"16":[193,171],"17":[20,173],"18":[2,36],"19":[38,38],"20":[2,2],"21":[17,21],"22":[38,23,23],"23":[23,150],"24":[173,159],"25":[22,1]},"f":{"1":1,"2":1,"3":1,"4":18,"5":1,"6":18,"7":83,"8":59,"9":40,"10":37,"11":57,"12":38,"13":4,"14":173},"fnMap":{"1":{"name":"(anonymous_1)","line":7,"loc":{"start":{"line":0,"column":0},"end":{"line":0,"column":0},"skip":true},"skip":true},"2":{"name":"defineProperties","line":7,"loc":{"start":{"line":0,"column":0},"end":{"line":0,"column":0},"skip":true},"skip":true},"3":{"name":"(anonymous_3)","line":7,"loc":{"start":{"line":0,"column":0},"end":{"line":0,"column":0},"skip":true},"skip":true},"4":{"name":"_classCallCheck","line":9,"loc":{"start":{"line":0,"column":0},"end":{"line":0,"column":0},"skip":true},"skip":true},"5":{"name":"(anonymous_5)","line":11,"loc":{"start":{"line":0,"column":0},"end":{"line":0,"column":0},"skip":true},"skip":true},"6":{"name":"DI","line":12,"loc":{"start":{"line":2,"column":4},"end":{"line":2,"column":18}}},"7":{"name":"register","line":106,"loc":{"start":{"line":0,"column":0},"end":{"line":0,"column":0},"skip":true},"skip":true},"8":{"name":"getInstance","line":138,"loc":{"start":{"line":0,"column":0},"end":{"line":0,"column":0},"skip":true},"skip":true},"9":{"name":"createInstance","line":177,"loc":{"start":{"line":0,"column":0},"end":{"line":0,"column":0},"skip":true},"skip":true},"10":{"name":"Dependency","line":182,"loc":{"start":{"line":159,"column":8},"end":{"line":159,"column":30}}},"11":{"name":"createInstanceList","line":208,"loc":{"start":{"line":0,"column":0},"end":{"line":0,"column":0},"skip":true},"skip":true},"12":{"name":"getSingletonInstance","line":231,"loc":{"start":{"line":0,"column":0},"end":{"line":0,"column":0},"skip":true},"skip":true},"13":{"name":"(anonymous_13)","line":235,"loc":{"start":{"line":206,"column":27},"end":{"line":206,"column":43}}},"14":{"name":"createInstanceIfContract","line":250,"loc":{"start":{"line":0,"column":0},"end":{"line":0,"column":0},"skip":true},"skip":true}},"statementMap":{"1":{"start":{"line":0,"column":0},"end":{"line":0,"column":0},"skip":true},"2":{"start":{"line":0,"column":0},"end":{"line":0,"column":0},"skip":true},"3":{"start":{"line":0,"column":0},"end":{"line":0,"column":0},"skip":true},"4":{"start":{"line":0,"column":0},"end":{"line":0,"column":0},"skip":true},"5":{"start":{"line":0,"column":0},"end":{"line":0,"column":0},"skip":true},"6":{"start":{"line":0,"column":0},"end":{"line":0,"column":0},"skip":true},"7":{"start":{"line":0,"column":0},"end":{"line":0,"column":0},"skip":true},"8":{"start":{"line":0,"column":0},"end":{"line":0,"column":0},"skip":true},"9":{"start":{"line":0,"column":0},"end":{"line":0,"column":0},"skip":true},"10":{"start":{"line":0,"column":0},"end":{"line":0,"column":0},"skip":true},"11":{"start":{"line":0,"column":0},"end":{"line":0,"column":0},"skip":true},"12":{"start":{"line":0,"column":0},"end":{"line":0,"column":0},"skip":true},"13":{"start":{"line":0,"column":0},"end":{"line":0,"column":0},"skip":true},"14":{"start":{"line":0,"column":0},"end":{"line":0,"column":0},"skip":true},"15":{"start":{"line":0,"column":0},"end":{"line":0,"column":0},"skip":true},"16":{"start":{"line":0,"column":0},"end":{"line":0,"column":0},"skip":true},"17":{"start":{"line":0,"column":0},"end":{"line":0,"column":0},"skip":true},"18":{"start":{"line":0,"column":0},"end":{"line":0,"column":0},"skip":true},"19":{"start":{"line":0,"column":0},"end":{"line":0,"column":0},"skip":true},"20":{"start":{"line":0,"column":0},"end":{"line":0,"column":0},"skip":true},"21":{"start":{"line":2,"column":4},"end":{"line":69,"column":5}},"22":{"start":{"line":2,"column":18},"end":{"line":2,"column":18}},"23":{"start":{"line":0,"column":0},"end":{"line":0,"column":0},"skip":true},"24":{"start":{"line":63,"column":8},"end":{"line":63,"column":8}},"25":{"start":{"line":0,"column":0},"end":{"line":0,"column":0},"skip":true},"26":{"start":{"line":93,"column":8},"end":{"line":97,"column":9}},"27":{"start":{"line":95,"column":12},"end":{"line":95,"column":12}},"28":{"start":{"line":96,"column":12},"end":{"line":96,"column":12}},"29":{"start":{"line":99,"column":8},"end":{"line":99,"column":8}},"30":{"start":{"line":105,"column":8},"end":{"line":105,"column":8}},"31":{"start":{"line":122,"column":8},"end":{"line":122,"column":8}},"32":{"start":{"line":124,"column":8},"end":{"line":138,"column":9}},"33":{"start":{"line":125,"column":8},"end":{"line":125,"column":8}},"34":{"start":{"line":121,"column":29},"end":{"line":125,"column":8}},"35":{"start":{"line":126,"column":12},"end":{"line":137,"column":13}},"36":{"start":{"line":127,"column":16},"end":{"line":127,"column":16}},"37":{"start":{"line":130,"column":16},"end":{"line":136,"column":17}},"38":{"start":{"line":132,"column":20},"end":{"line":132,"column":20}},"39":{"start":{"line":135,"column":20},"end":{"line":135,"column":20}},"40":{"start":{"line":140,"column":8},"end":{"line":140,"column":8}},"41":{"start":{"line":156,"column":8},"end":{"line":156,"column":8}},"42":{"start":{"line":159,"column":8},"end":{"line":161,"column":9}},"43":{"start":{"line":160,"column":12},"end":{"line":160,"column":12}},"44":{"start":{"line":163,"column":8},"end":{"line":171,"column":9}},"45":{"start":{"line":165,"column":12},"end":{"line":165,"column":12}},"46":{"start":{"line":167,"column":12},"end":{"line":167,"column":12}},"47":{"start":{"line":0,"column":0},"end":{"line":0,"column":0},"skip":true},"48":{"start":{"line":0,"column":0},"end":{"line":0,"column":0},"skip":true},"49":{"start":{"line":170,"column":12},"end":{"line":170,"column":12}},"50":{"start":{"line":173,"column":8},"end":{"line":173,"column":8}},"51":{"start":{"line":183,"column":8},"end":{"line":183,"column":8}},"52":{"start":{"line":187,"column":8},"end":{"line":196,"column":9}},"53":{"start":{"line":188,"column":12},"end":{"line":188,"column":12}},"54":{"start":{"line":190,"column":12},"end":{"line":195,"column":13}},"55":{"start":{"line":191,"column":16},"end":{"line":191,"column":16}},"56":{"start":{"line":194,"column":16},"end":{"line":194,"column":16}},"57":{"start":{"line":198,"column":8},"end":{"line":198,"column":8}},"58":{"start":{"line":203,"column":8},"end":{"line":203,"column":8}},"59":{"start":{"line":205,"column":8},"end":{"line":211,"column":9}},"60":{"start":{"line":206,"column":12},"end":{"line":206,"column":12}},"61":{"start":{"line":207,"column":16},"end":{"line":209,"column":17}},"62":{"start":{"line":208,"column":20},"end":{"line":208,"column":20}},"63":{"start":{"line":213,"column":8},"end":{"line":215,"column":9}},"64":{"start":{"line":214,"column":12},"end":{"line":214,"column":12}},"65":{"start":{"line":217,"column":8},"end":{"line":217,"column":8}},"66":{"start":{"line":222,"column":8},"end":{"line":222,"column":8}},"67":{"start":{"line":224,"column":8},"end":{"line":237,"column":9}},"68":{"start":{"line":226,"column":12},"end":{"line":236,"column":13}},"69":{"start":{"line":0,"column":0},"end":{"line":0,"column":0},"skip":true},"70":{"start":{"line":0,"column":0},"end":{"line":0,"column":0},"skip":true},"71":{"start":{"line":233,"column":16},"end":{"line":233,"column":16}},"72":{"start":{"line":0,"column":0},"end":{"line":0,"column":0},"skip":true},"73":{"start":{"line":235,"column":16},"end":{"line":235,"column":16}},"74":{"start":{"line":239,"column":8},"end":{"line":239,"column":8}},"75":{"start":{"line":0,"column":0},"end":{"line":0,"column":0},"skip":true},"76":{"start":{"line":0,"column":0},"end":{"line":0,"column":0},"skip":true}},"branchMap":{"1":{"line":7,"type":"binary-expr","locations":[{"start":{"line":0,"column":0},"end":{"line":0,"column":0},"skip":true},{"start":{"line":0,"column":0},"end":{"line":0,"column":0},"skip":true}]},"2":{"line":7,"type":"if","locations":[{"start":{"line":0,"column":0},"end":{"line":0,"column":0},"skip":true},{"start":{"line":0,"column":0},"end":{"line":0,"column":0},"skip":true}]},"3":{"line":7,"type":"if","locations":[{"start":{"line":0,"column":0},"end":{"line":0,"column":0},"skip":true},{"start":{"line":0,"column":0},"end":{"line":0,"column":0},"skip":true}]},"4":{"line":7,"type":"if","locations":[{"start":{"line":0,"column":0},"end":{"line":0,"column":0},"skip":true},{"start":{"line":0,"column":0},"end":{"line":0,"column":0},"skip":true}]},"5":{"line":9,"type":"if","locations":[{"start":{"line":0,"column":0},"end":{"line":0,"column":0},"skip":true},{"start":{"line":0,"column":0},"end":{"line":0,"column":0},"skip":true}]},"6":{"line":107,"type":"if","locations":[{"start":{"line":93,"column":8},"end":{"line":93,"column":8}},{"start":{"line":93,"column":8},"end":{"line":93,"column":8}}]},"7":{"line":107,"type":"binary-expr","locations":[{"start":{"line":93,"column":12},"end":{"line":93,"column":12}},{"start":{"line":93,"column":22},"end":{"line":93,"column":8}}]},"8":{"line":115,"type":"binary-expr","locations":[{"start":{"line":101,"column":20},"end":{"line":101,"column":20}},{"start":{"line":101,"column":30},"end":{"line":99,"column":36}}]},"9":{"line":116,"type":"binary-expr","locations":[{"start":{"line":102,"column":21},"end":{"line":102,"column":21}},{"start":{"line":102,"column":32},"end":{"line":102,"column":32}}]},"10":{"line":141,"type":"if","locations":[{"start":{"line":124,"column":8},"end":{"line":124,"column":8}},{"start":{"line":124,"column":8},"end":{"line":124,"column":8}}]},"11":{"line":147,"type":"if","locations":[{"start":{"line":126,"column":12},"end":{"line":126,"column":12}},{"start":{"line":126,"column":12},"end":{"line":126,"column":12}}]},"12":{"line":151,"type":"if","locations":[{"start":{"line":130,"column":16},"end":{"line":130,"column":16}},{"start":{"line":130,"column":16},"end":{"line":130,"column":16}}]},"13":{"line":183,"type":"binary-expr","locations":[{"start":{"line":160,"column":61},"end":{"line":160,"column":61}},{"start":{"line":160,"column":71},"end":{"line":160,"column":27}}]},"14":{"line":186,"type":"if","locations":[{"start":{"line":163,"column":8},"end":{"line":163,"column":8}},{"start":{"line":163,"column":8},"end":{"line":163,"column":8}}]},"15":{"line":215,"type":"cond-expr","locations":[{"start":{"line":188,"column":69},"end":{"line":188,"column":19}},{"start":{"line":188,"column":107},"end":{"line":188,"column":12}}]},"16":{"line":215,"type":"binary-expr","locations":[{"start":{"line":188,"column":20},"end":{"line":188,"column":20}},{"start":{"line":188,"column":47},"end":{"line":188,"column":19}}]},"17":{"line":217,"type":"if","locations":[{"start":{"line":190,"column":12},"end":{"line":190,"column":12}},{"start":{"line":190,"column":12},"end":{"line":190,"column":12}}]},"18":{"line":234,"type":"if","locations":[{"start":{"line":205,"column":8},"end":{"line":205,"column":8}},{"start":{"line":205,"column":8},"end":{"line":205,"column":8}}]},"19":{"line":234,"type":"binary-expr","locations":[{"start":{"line":205,"column":12},"end":{"line":205,"column":12}},{"start":{"line":205,"column":22},"end":{"line":205,"column":8}}]},"20":{"line":236,"type":"if","locations":[{"start":{"line":207,"column":16},"end":{"line":207,"column":16}},{"start":{"line":207,"column":16},"end":{"line":207,"column":16}}]},"21":{"line":242,"type":"if","locations":[{"start":{"line":213,"column":8},"end":{"line":213,"column":8}},{"start":{"line":213,"column":8},"end":{"line":213,"column":8}}]},"22":{"line":242,"type":"binary-expr","locations":[{"start":{"line":213,"column":12},"end":{"line":213,"column":12}},{"start":{"line":213,"column":46},"end":{"line":213,"column":46}},{"start":{"line":213,"column":56},"end":{"line":213,"column":8}}]},"23":{"line":255,"type":"if","locations":[{"start":{"line":224,"column":8},"end":{"line":224,"column":8}},{"start":{"line":224,"column":8},"end":{"line":224,"column":8}}]},"24":{"line":255,"type":"binary-expr","locations":[{"start":{"line":224,"column":12},"end":{"line":224,"column":12}},{"start":{"line":224,"column":45},"end":{"line":224,"column":8}}]},"25":{"line":257,"type":"if","locations":[{"start":{"line":226,"column":12},"end":{"line":226,"column":12}},{"start":{"line":226,"column":12},"end":{"line":226,"column":12}}]}}}}