{"/Users/lucas/WebstormProjects/javascript-dependency-injection/di.js":{"path":"/Users/lucas/WebstormProjects/javascript-dependency-injection/di.js","s":{"1":1,"2":1,"3":123,"4":0,"5":1,"6":1,"7":1,"8":9,"9":9,"10":9,"11":9,"12":9,"13":9,"14":1,"15":1,"16":1,"17":1,"18":0,"19":1,"20":1,"21":159,"22":159,"23":298,"24":159,"25":0,"26":1,"27":17,"28":0,"29":1,"30":1,"31":17,"32":17,"33":17,"34":1,"35":153,"36":153,"37":153,"38":30,"39":30,"40":30,"41":123,"42":0,"43":0,"44":153,"45":16,"46":16,"47":153,"48":30,"49":0,"50":123,"51":0,"52":153,"53":123,"54":153,"55":153,"56":121,"57":153,"58":158,"59":158,"60":118,"61":234,"62":118,"63":17,"64":101,"65":34,"66":67,"67":157,"68":34,"69":34,"70":34,"71":7,"72":18,"73":7,"74":140,"75":140,"76":140,"77":140,"78":140,"79":64,"80":231,"81":76,"82":140,"83":82,"84":1,"85":82,"86":82,"87":82,"88":82,"89":82,"90":81,"91":81,"92":82,"93":82,"94":82,"95":367,"96":13,"97":39,"98":39,"99":354,"100":81,"101":17,"102":17,"103":15,"104":15,"105":17,"106":354,"107":354,"108":20,"109":19,"110":19,"111":1,"112":1,"113":1,"114":353,"115":47,"116":47,"117":1,"118":1},"b":{"1":[1,0],"2":[1,1],"3":[0,0],"4":[0,0,0],"5":[9,9],"6":[9,0],"7":[1,0],"8":[0,1],"9":[159,0],"10":[0,17],"11":[31,122],"12":[153,122],"13":[108,45],"14":[153,45],"15":[30,123],"16":[0,123],"17":[0,123],"18":[16,137],"19":[30,123],"20":[0,30],"21":[0,123],"22":[123,30],"23":[153,123],"24":[47,76],"25":[121,32],"26":[153,123],"27":[118,40],"28":[17,101],"29":[34,67],"30":[157,40],"31":[14,26],"32":[15,125],"33":[140,140],"34":[133,7],"35":[140,7],"36":[134,6],"37":[64,76],"38":[92,139],"39":[13,354],"40":[15,2],"41":[17,4,4],"42":[20,334],"43":[354,322],"44":[19,1],"45":[17,30]},"f":{"1":123,"2":0,"3":1,"4":1,"5":1,"6":159,"7":17,"8":1,"9":17,"10":153,"11":158,"12":34,"13":7,"14":140,"15":82,"16":82,"17":82,"18":367,"19":39,"20":17,"21":354,"22":47},"fnMap":{"1":{"name":"(anonymous_1)","line":7,"loc":{"start":{"line":0,"column":0},"end":{"line":0,"column":0},"skip":true},"skip":true},"2":{"name":"(anonymous_2)","line":7,"loc":{"start":{"line":0,"column":0},"end":{"line":0,"column":0},"skip":true},"skip":true},"3":{"name":"(anonymous_3)","line":9,"loc":{"start":{"line":0,"column":0},"end":{"line":0,"column":0},"skip":true},"skip":true},"4":{"name":"defineProperties","line":9,"loc":{"start":{"line":0,"column":0},"end":{"line":0,"column":0},"skip":true},"skip":true},"5":{"name":"(anonymous_5)","line":9,"loc":{"start":{"line":0,"column":0},"end":{"line":0,"column":0},"skip":true},"skip":true},"6":{"name":"_toConsumableArray","line":11,"loc":{"start":{"line":0,"column":0},"end":{"line":0,"column":0},"skip":true},"skip":true},"7":{"name":"_classCallCheck","line":13,"loc":{"start":{"line":0,"column":0},"end":{"line":0,"column":0},"skip":true},"skip":true},"8":{"name":"(anonymous_8)","line":15,"loc":{"start":{"line":0,"column":0},"end":{"line":0,"column":0},"skip":true},"skip":true},"9":{"name":"DI","line":75,"loc":{"start":{"line":60,"column":4},"end":{"line":60,"column":18}}},"10":{"name":"register","line":117,"loc":{"start":{"line":0,"column":0},"end":{"line":0,"column":0},"skip":true},"skip":true},"11":{"name":"getInstance","line":187,"loc":{"start":{"line":0,"column":0},"end":{"line":0,"column":0},"skip":true},"skip":true},"12":{"name":"createFactory","line":220,"loc":{"start":{"line":0,"column":0},"end":{"line":0,"column":0},"skip":true},"skip":true},"13":{"name":"(anonymous_13)","line":226,"loc":{"start":{"line":206,"column":15},"end":{"line":206,"column":30}}},"14":{"name":"mergeParams","line":243,"loc":{"start":{"line":0,"column":0},"end":{"line":0,"column":0},"skip":true},"skip":true},"15":{"name":"createInstance","line":278,"loc":{"start":{"line":0,"column":0},"end":{"line":0,"column":0},"skip":true},"skip":true},"16":{"name":"Dependency","line":284,"loc":{"start":{"line":253,"column":8},"end":{"line":254,"column":8}}},"17":{"name":"createInstanceList","line":308,"loc":{"start":{"line":0,"column":0},"end":{"line":0,"column":0},"skip":true},"skip":true},"18":{"name":"(anonymous_18)","line":315,"loc":{"start":{"line":280,"column":29},"end":{"line":280,"column":39}}},"19":{"name":"(anonymous_19)","line":317,"loc":{"start":{"line":284,"column":24},"end":{"line":284,"column":39}}},"20":{"name":"getSingletonInstance","line":337,"loc":{"start":{"line":0,"column":0},"end":{"line":0,"column":0},"skip":true},"skip":true},"21":{"name":"createInstanceIfContract","line":357,"loc":{"start":{"line":0,"column":0},"end":{"line":0,"column":0},"skip":true},"skip":true},"22":{"name":"extractContracts","line":380,"loc":{"start":{"line":0,"column":0},"end":{"line":0,"column":0},"skip":true},"skip":true}},"statementMap":{"1":{"start":{"line":0,"column":0},"end":{"line":0,"column":0},"skip":true},"2":{"start":{"line":0,"column":0},"end":{"line":0,"column":0},"skip":true},"3":{"start":{"line":0,"column":0},"end":{"line":0,"column":0},"skip":true},"4":{"start":{"line":0,"column":0},"end":{"line":0,"column":0},"skip":true},"5":{"start":{"line":0,"column":0},"end":{"line":0,"column":0},"skip":true},"6":{"start":{"line":0,"column":0},"end":{"line":0,"column":0},"skip":true},"7":{"start":{"line":0,"column":0},"end":{"line":0,"column":0},"skip":true},"8":{"start":{"line":0,"column":0},"end":{"line":0,"column":0},"skip":true},"9":{"start":{"line":0,"column":0},"end":{"line":0,"column":0},"skip":true},"10":{"start":{"line":0,"column":0},"end":{"line":0,"column":0},"skip":true},"11":{"start":{"line":0,"column":0},"end":{"line":0,"column":0},"skip":true},"12":{"start":{"line":0,"column":0},"end":{"line":0,"column":0},"skip":true},"13":{"start":{"line":0,"column":0},"end":{"line":0,"column":0},"skip":true},"14":{"start":{"line":0,"column":0},"end":{"line":0,"column":0},"skip":true},"15":{"start":{"line":0,"column":0},"end":{"line":0,"column":0},"skip":true},"16":{"start":{"line":0,"column":0},"end":{"line":0,"column":0},"skip":true},"17":{"start":{"line":0,"column":0},"end":{"line":0,"column":0},"skip":true},"18":{"start":{"line":0,"column":0},"end":{"line":0,"column":0},"skip":true},"19":{"start":{"line":0,"column":0},"end":{"line":0,"column":0},"skip":true},"20":{"start":{"line":0,"column":0},"end":{"line":0,"column":0},"skip":true},"21":{"start":{"line":0,"column":0},"end":{"line":0,"column":0},"skip":true},"22":{"start":{"line":0,"column":0},"end":{"line":0,"column":0},"skip":true},"23":{"start":{"line":0,"column":0},"end":{"line":0,"column":0},"skip":true},"24":{"start":{"line":0,"column":0},"end":{"line":0,"column":0},"skip":true},"25":{"start":{"line":0,"column":0},"end":{"line":0,"column":0},"skip":true},"26":{"start":{"line":0,"column":0},"end":{"line":0,"column":0},"skip":true},"27":{"start":{"line":0,"column":0},"end":{"line":0,"column":0},"skip":true},"28":{"start":{"line":0,"column":0},"end":{"line":0,"column":0},"skip":true},"29":{"start":{"line":0,"column":0},"end":{"line":0,"column":0},"skip":true},"30":{"start":{"line":60,"column":4},"end":{"line":73,"column":5}},"31":{"start":{"line":60,"column":18},"end":{"line":60,"column":18}},"32":{"start":{"line":65,"column":8},"end":{"line":65,"column":8}},"33":{"start":{"line":72,"column":8},"end":{"line":72,"column":8}},"34":{"start":{"line":0,"column":0},"end":{"line":0,"column":0},"skip":true},"35":{"start":{"line":96,"column":63},"end":{"line":96,"column":63}},"36":{"start":{"line":96,"column":63},"end":{"line":96,"column":63}},"37":{"start":{"line":97,"column":8},"end":{"line":107,"column":9}},"38":{"start":{"line":99,"column":12},"end":{"line":99,"column":12}},"39":{"start":{"line":100,"column":12},"end":{"line":100,"column":12}},"40":{"start":{"line":101,"column":12},"end":{"line":101,"column":12}},"41":{"start":{"line":103,"column":13},"end":{"line":107,"column":9}},"42":{"start":{"line":105,"column":12},"end":{"line":105,"column":12}},"43":{"start":{"line":106,"column":12},"end":{"line":106,"column":12}},"44":{"start":{"line":109,"column":8},"end":{"line":113,"column":9}},"45":{"start":{"line":111,"column":12},"end":{"line":111,"column":12}},"46":{"start":{"line":112,"column":12},"end":{"line":112,"column":12}},"47":{"start":{"line":116,"column":8},"end":{"line":126,"column":9}},"48":{"start":{"line":118,"column":12},"end":{"line":121,"column":13}},"49":{"start":{"line":120,"column":16},"end":{"line":120,"column":16}},"50":{"start":{"line":123,"column":13},"end":{"line":126,"column":9}},"51":{"start":{"line":125,"column":12},"end":{"line":125,"column":12}},"52":{"start":{"line":130,"column":8},"end":{"line":133,"column":9}},"53":{"start":{"line":132,"column":12},"end":{"line":132,"column":12}},"54":{"start":{"line":135,"column":8},"end":{"line":135,"column":8}},"55":{"start":{"line":142,"column":8},"end":{"line":151,"column":9}},"56":{"start":{"line":144,"column":12},"end":{"line":144,"column":12}},"57":{"start":{"line":153,"column":8},"end":{"line":153,"column":8}},"58":{"start":{"line":171,"column":8},"end":{"line":171,"column":8}},"59":{"start":{"line":174,"column":8},"end":{"line":191,"column":9}},"60":{"start":{"line":175,"column":8},"end":{"line":175,"column":8}},"61":{"start":{"line":170,"column":32},"end":{"line":175,"column":8}},"62":{"start":{"line":176,"column":12},"end":{"line":190,"column":13}},"63":{"start":{"line":178,"column":16},"end":{"line":178,"column":16}},"64":{"start":{"line":182,"column":16},"end":{"line":189,"column":17}},"65":{"start":{"line":184,"column":20},"end":{"line":184,"column":20}},"66":{"start":{"line":188,"column":20},"end":{"line":188,"column":20}},"67":{"start":{"line":193,"column":8},"end":{"line":193,"column":8}},"68":{"start":{"line":202,"column":46},"end":{"line":202,"column":46}},"69":{"start":{"line":203,"column":8},"end":{"line":203,"column":8}},"70":{"start":{"line":206,"column":8},"end":{"line":206,"column":8}},"71":{"start":{"line":206,"column":30},"end":{"line":206,"column":30}},"72":{"start":{"line":206,"column":19},"end":{"line":206,"column":30}},"73":{"start":{"line":207,"column":12},"end":{"line":207,"column":12}},"74":{"start":{"line":216,"column":62},"end":{"line":216,"column":62}},"75":{"start":{"line":216,"column":62},"end":{"line":216,"column":62}},"76":{"start":{"line":217,"column":8},"end":{"line":217,"column":8}},"77":{"start":{"line":219,"column":8},"end":{"line":219,"column":8}},"78":{"start":{"line":221,"column":8},"end":{"line":230,"column":9}},"79":{"start":{"line":223,"column":12},"end":{"line":225,"column":13}},"80":{"start":{"line":224,"column":16},"end":{"line":224,"column":16}},"81":{"start":{"line":229,"column":12},"end":{"line":229,"column":12}},"82":{"start":{"line":232,"column":8},"end":{"line":232,"column":8}},"83":{"start":{"line":249,"column":8},"end":{"line":249,"column":8}},"84":{"start":{"line":253,"column":8},"end":{"line":256,"column":9}},"85":{"start":{"line":255,"column":12},"end":{"line":255,"column":12}},"86":{"start":{"line":258,"column":8},"end":{"line":258,"column":8}},"87":{"start":{"line":260,"column":8},"end":{"line":260,"column":8}},"88":{"start":{"line":0,"column":0},"end":{"line":0,"column":0},"skip":true},"89":{"start":{"line":0,"column":0},"end":{"line":0,"column":0},"skip":true},"90":{"start":{"line":263,"column":8},"end":{"line":263,"column":8}},"91":{"start":{"line":265,"column":8},"end":{"line":265,"column":8}},"92":{"start":{"line":275,"column":44},"end":{"line":275,"column":44}},"93":{"start":{"line":276,"column":8},"end":{"line":276,"column":8}},"94":{"start":{"line":280,"column":8},"end":{"line":280,"column":8}},"95":{"start":{"line":281,"column":12},"end":{"line":293,"column":13}},"96":{"start":{"line":283,"column":16},"end":{"line":283,"column":16}},"97":{"start":{"line":285,"column":28},"end":{"line":285,"column":28}},"98":{"start":{"line":287,"column":28},"end":{"line":287,"column":28}},"99":{"start":{"line":292,"column":16},"end":{"line":292,"column":16}},"100":{"start":{"line":296,"column":8},"end":{"line":296,"column":8}},"101":{"start":{"line":304,"column":8},"end":{"line":304,"column":8}},"102":{"start":{"line":307,"column":8},"end":{"line":311,"column":9}},"103":{"start":{"line":309,"column":12},"end":{"line":309,"column":12}},"104":{"start":{"line":310,"column":12},"end":{"line":310,"column":12}},"105":{"start":{"line":313,"column":8},"end":{"line":313,"column":8}},"106":{"start":{"line":322,"column":8},"end":{"line":322,"column":8}},"107":{"start":{"line":325,"column":8},"end":{"line":338,"column":9}},"108":{"start":{"line":327,"column":12},"end":{"line":337,"column":13}},"109":{"start":{"line":0,"column":0},"end":{"line":0,"column":0},"skip":true},"110":{"start":{"line":0,"column":0},"end":{"line":0,"column":0},"skip":true},"111":{"start":{"line":334,"column":16},"end":{"line":334,"column":16}},"112":{"start":{"line":0,"column":0},"end":{"line":0,"column":0},"skip":true},"113":{"start":{"line":336,"column":16},"end":{"line":336,"column":16}},"114":{"start":{"line":340,"column":8},"end":{"line":340,"column":8}},"115":{"start":{"line":344,"column":8},"end":{"line":344,"column":8}},"116":{"start":{"line":346,"column":8},"end":{"line":346,"column":8}},"117":{"start":{"line":0,"column":0},"end":{"line":0,"column":0},"skip":true},"118":{"start":{"line":0,"column":0},"end":{"line":0,"column":0},"skip":true}},"branchMap":{"1":{"line":7,"type":"cond-expr","locations":[{"start":{"line":0,"column":0},"end":{"line":0,"column":0},"skip":true},{"start":{"line":0,"column":0},"end":{"line":0,"column":0},"skip":true}]},"2":{"line":7,"type":"binary-expr","locations":[{"start":{"line":0,"column":0},"end":{"line":0,"column":0},"skip":true},{"start":{"line":0,"column":0},"end":{"line":0,"column":0},"skip":true}]},"3":{"line":7,"type":"cond-expr","locations":[{"start":{"line":0,"column":0},"end":{"line":0,"column":0},"skip":true},{"start":{"line":0,"column":0},"end":{"line":0,"column":0},"skip":true}]},"4":{"line":7,"type":"binary-expr","locations":[{"start":{"line":0,"column":0},"end":{"line":0,"column":0},"skip":true},{"start":{"line":0,"column":0},"end":{"line":0,"column":0},"skip":true},{"start":{"line":0,"column":0},"end":{"line":0,"column":0},"skip":true}]},"5":{"line":9,"type":"binary-expr","locations":[{"start":{"line":0,"column":0},"end":{"line":0,"column":0},"skip":true},{"start":{"line":0,"column":0},"end":{"line":0,"column":0},"skip":true}]},"6":{"line":9,"type":"if","locations":[{"start":{"line":0,"column":0},"end":{"line":0,"column":0},"skip":true},{"start":{"line":0,"column":0},"end":{"line":0,"column":0},"skip":true}]},"7":{"line":9,"type":"if","locations":[{"start":{"line":0,"column":0},"end":{"line":0,"column":0},"skip":true},{"start":{"line":0,"column":0},"end":{"line":0,"column":0},"skip":true}]},"8":{"line":9,"type":"if","locations":[{"start":{"line":0,"column":0},"end":{"line":0,"column":0},"skip":true},{"start":{"line":0,"column":0},"end":{"line":0,"column":0},"skip":true}]},"9":{"line":11,"type":"if","locations":[{"start":{"line":0,"column":0},"end":{"line":0,"column":0},"skip":true},{"start":{"line":0,"column":0},"end":{"line":0,"column":0},"skip":true}]},"10":{"line":13,"type":"if","locations":[{"start":{"line":0,"column":0},"end":{"line":0,"column":0},"skip":true},{"start":{"line":0,"column":0},"end":{"line":0,"column":0},"skip":true}]},"11":{"line":118,"type":"cond-expr","locations":[{"start":{"line":96,"column":45},"end":{"line":96,"column":63}},{"start":{"line":96,"column":63},"end":{"line":96,"column":63}}]},"12":{"line":118,"type":"binary-expr","locations":[{"start":{"line":96,"column":63},"end":{"line":96,"column":63}},{"start":{"line":96,"column":63},"end":{"line":96,"column":63}}]},"13":{"line":119,"type":"cond-expr","locations":[{"start":{"line":96,"column":59},"end":{"line":96,"column":63}},{"start":{"line":96,"column":63},"end":{"line":96,"column":63}}]},"14":{"line":119,"type":"binary-expr","locations":[{"start":{"line":96,"column":63},"end":{"line":96,"column":63}},{"start":{"line":96,"column":63},"end":{"line":96,"column":63}}]},"15":{"line":121,"type":"if","locations":[{"start":{"line":97,"column":8},"end":{"line":97,"column":8}},{"start":{"line":97,"column":8},"end":{"line":97,"column":8}}]},"16":{"line":125,"type":"if","locations":[{"start":{"line":103,"column":13},"end":{"line":103,"column":13}},{"start":{"line":103,"column":13},"end":{"line":103,"column":13}}]},"17":{"line":125,"type":"cond-expr","locations":[{"start":{"line":103,"column":17},"end":{"line":103,"column":17}},{"start":{"line":103,"column":17},"end":{"line":103,"column":17}}]},"18":{"line":130,"type":"if","locations":[{"start":{"line":109,"column":8},"end":{"line":109,"column":8}},{"start":{"line":109,"column":8},"end":{"line":109,"column":8}}]},"19":{"line":137,"type":"if","locations":[{"start":{"line":116,"column":8},"end":{"line":116,"column":8}},{"start":{"line":116,"column":8},"end":{"line":116,"column":8}}]},"20":{"line":138,"type":"if","locations":[{"start":{"line":118,"column":12},"end":{"line":118,"column":12}},{"start":{"line":118,"column":12},"end":{"line":118,"column":12}}]},"21":{"line":141,"type":"if","locations":[{"start":{"line":123,"column":13},"end":{"line":123,"column":13}},{"start":{"line":123,"column":13},"end":{"line":123,"column":13}}]},"22":{"line":146,"type":"if","locations":[{"start":{"line":130,"column":8},"end":{"line":130,"column":8}},{"start":{"line":130,"column":8},"end":{"line":130,"column":8}}]},"23":{"line":146,"type":"binary-expr","locations":[{"start":{"line":130,"column":12},"end":{"line":130,"column":12}},{"start":{"line":130,"column":24},"end":{"line":130,"column":8}}]},"24":{"line":147,"type":"cond-expr","locations":[{"start":{"line":132,"column":43},"end":{"line":132,"column":21}},{"start":{"line":132,"column":77},"end":{"line":132,"column":12}}]},"25":{"line":157,"type":"if","locations":[{"start":{"line":142,"column":8},"end":{"line":142,"column":8}},{"start":{"line":142,"column":8},"end":{"line":142,"column":8}}]},"26":{"line":157,"type":"binary-expr","locations":[{"start":{"line":142,"column":12},"end":{"line":142,"column":12}},{"start":{"line":142,"column":35},"end":{"line":142,"column":8}}]},"27":{"line":191,"type":"if","locations":[{"start":{"line":174,"column":8},"end":{"line":174,"column":8}},{"start":{"line":174,"column":8},"end":{"line":174,"column":8}}]},"28":{"line":196,"type":"if","locations":[{"start":{"line":176,"column":12},"end":{"line":176,"column":12}},{"start":{"line":176,"column":12},"end":{"line":176,"column":12}}]},"29":{"line":200,"type":"if","locations":[{"start":{"line":182,"column":16},"end":{"line":182,"column":16}},{"start":{"line":182,"column":16},"end":{"line":182,"column":16}}]},"30":{"line":208,"type":"binary-expr","locations":[{"start":{"line":193,"column":15},"end":{"line":193,"column":15}},{"start":{"line":193,"column":28},"end":{"line":193,"column":15}}]},"31":{"line":208,"type":"cond-expr","locations":[{"start":{"line":193,"column":57},"end":{"line":193,"column":28}},{"start":{"line":193,"column":64},"end":{"line":193,"column":15}}]},"32":{"line":244,"type":"cond-expr","locations":[{"start":{"line":216,"column":38},"end":{"line":216,"column":62}},{"start":{"line":216,"column":62},"end":{"line":216,"column":62}}]},"33":{"line":244,"type":"binary-expr","locations":[{"start":{"line":216,"column":62},"end":{"line":216,"column":62}},{"start":{"line":216,"column":62},"end":{"line":216,"column":62}}]},"34":{"line":245,"type":"cond-expr","locations":[{"start":{"line":216,"column":58},"end":{"line":216,"column":62}},{"start":{"line":216,"column":62},"end":{"line":216,"column":62}}]},"35":{"line":245,"type":"binary-expr","locations":[{"start":{"line":216,"column":62},"end":{"line":216,"column":62}},{"start":{"line":216,"column":62},"end":{"line":216,"column":62}}]},"36":{"line":249,"type":"cond-expr","locations":[{"start":{"line":219,"column":53},"end":{"line":219,"column":24}},{"start":{"line":219,"column":71},"end":{"line":219,"column":8}}]},"37":{"line":251,"type":"if","locations":[{"start":{"line":221,"column":8},"end":{"line":221,"column":8}},{"start":{"line":221,"column":8},"end":{"line":221,"column":8}}]},"38":{"line":253,"type":"cond-expr","locations":[{"start":{"line":224,"column":63},"end":{"line":224,"column":34}},{"start":{"line":224,"column":82},"end":{"line":224,"column":16}}]},"39":{"line":316,"type":"if","locations":[{"start":{"line":281,"column":12},"end":{"line":281,"column":12}},{"start":{"line":281,"column":12},"end":{"line":281,"column":12}}]},"40":{"line":341,"type":"if","locations":[{"start":{"line":307,"column":8},"end":{"line":307,"column":8}},{"start":{"line":307,"column":8},"end":{"line":307,"column":8}}]},"41":{"line":341,"type":"binary-expr","locations":[{"start":{"line":307,"column":12},"end":{"line":307,"column":12}},{"start":{"line":307,"column":48},"end":{"line":307,"column":48}},{"start":{"line":307,"column":58},"end":{"line":307,"column":8}}]},"42":{"line":362,"type":"if","locations":[{"start":{"line":325,"column":8},"end":{"line":325,"column":8}},{"start":{"line":325,"column":8},"end":{"line":325,"column":8}}]},"43":{"line":362,"type":"binary-expr","locations":[{"start":{"line":325,"column":12},"end":{"line":325,"column":12}},{"start":{"line":325,"column":48},"end":{"line":325,"column":8}}]},"44":{"line":364,"type":"if","locations":[{"start":{"line":327,"column":12},"end":{"line":327,"column":12}},{"start":{"line":327,"column":12},"end":{"line":327,"column":12}}]},"45":{"line":383,"type":"cond-expr","locations":[{"start":{"line":346,"column":31},"end":{"line":346,"column":15}},{"start":{"line":346,"column":36},"end":{"line":346,"column":8}}]}}}}