TN:
SF:/Users/lucas/WebstormProjects/javascript-dependency-injection/di.js
FN:7,(anonymous_1)
FN:7,(anonymous_2)
FN:9,(anonymous_3)
FN:9,defineProperties
FN:9,(anonymous_5)
FN:11,_toConsumableArray
FN:13,_classCallCheck
FN:15,(anonymous_8)
FN:75,DI
FN:117,register
FN:187,getInstance
FN:220,createFactory
FN:226,(anonymous_13)
FN:243,mergeParams
FN:278,createInstance
FN:284,Dependency
FN:308,createInstanceList
FN:315,(anonymous_18)
FN:317,(anonymous_19)
FN:337,getSingletonInstance
FN:357,createInstanceIfContract
FN:380,extractContracts
FNF:22
FNH:22
FNDA:123,(anonymous_1)
FNDA:0,(anonymous_2)
FNDA:1,(anonymous_3)
FNDA:1,defineProperties
FNDA:1,(anonymous_5)
FNDA:159,_toConsumableArray
FNDA:17,_classCallCheck
FNDA:1,(anonymous_8)
FNDA:17,DI
FNDA:153,register
FNDA:158,getInstance
FNDA:34,createFactory
FNDA:7,(anonymous_13)
FNDA:140,mergeParams
FNDA:82,createInstance
FNDA:82,Dependency
FNDA:82,createInstanceList
FNDA:367,(anonymous_18)
FNDA:39,(anonymous_19)
FNDA:17,getSingletonInstance
FNDA:354,createInstanceIfContract
FNDA:47,extractContracts
DA:0,298
DA:60,17
DA:65,17
DA:72,17
DA:96,153
DA:97,153
DA:99,30
DA:100,30
DA:101,30
DA:103,123
DA:105,0
DA:106,0
DA:109,153
DA:111,16
DA:112,16
DA:116,153
DA:118,30
DA:120,0
DA:123,123
DA:125,0
DA:130,153
DA:132,123
DA:135,153
DA:142,153
DA:144,121
DA:153,153
DA:170,234
DA:171,158
DA:174,158
DA:175,118
DA:176,118
DA:178,17
DA:182,101
DA:184,34
DA:188,67
DA:193,157
DA:202,34
DA:203,34
DA:206,34
DA:207,7
DA:216,140
DA:217,140
DA:219,140
DA:221,140
DA:223,64
DA:224,231
DA:229,76
DA:232,140
DA:249,82
DA:253,1
DA:255,82
DA:258,82
DA:260,82
DA:263,81
DA:265,81
DA:275,82
DA:276,82
DA:280,82
DA:281,367
DA:283,13
DA:285,39
DA:287,39
DA:292,354
DA:296,81
DA:304,17
DA:307,17
DA:309,15
DA:310,15
DA:313,17
DA:322,354
DA:325,354
DA:327,20
DA:334,1
DA:336,1
DA:340,353
DA:344,47
DA:346,47
LF:77
LH:73
BRDA:7,1,0,1
BRDA:7,1,1,0
BRDA:7,2,0,1
BRDA:7,2,1,1
BRDA:7,3,0,0
BRDA:7,3,1,0
BRDA:7,4,0,0
BRDA:7,4,1,0
BRDA:7,4,2,0
BRDA:9,5,0,9
BRDA:9,5,1,9
BRDA:9,6,0,9
BRDA:9,6,1,0
BRDA:9,7,0,1
BRDA:9,7,1,0
BRDA:9,8,0,0
BRDA:9,8,1,1
BRDA:11,9,0,159
BRDA:11,9,1,0
BRDA:13,10,0,0
BRDA:13,10,1,17
BRDA:118,11,0,31
BRDA:118,11,1,122
BRDA:118,12,0,153
BRDA:118,12,1,122
BRDA:119,13,0,108
BRDA:119,13,1,45
BRDA:119,14,0,153
BRDA:119,14,1,45
BRDA:121,15,0,30
BRDA:121,15,1,123
BRDA:125,16,0,0
BRDA:125,16,1,123
BRDA:125,17,0,0
BRDA:125,17,1,123
BRDA:130,18,0,16
BRDA:130,18,1,137
BRDA:137,19,0,30
BRDA:137,19,1,123
BRDA:138,20,0,0
BRDA:138,20,1,30
BRDA:141,21,0,0
BRDA:141,21,1,123
BRDA:146,22,0,123
BRDA:146,22,1,30
BRDA:146,23,0,153
BRDA:146,23,1,123
BRDA:147,24,0,47
BRDA:147,24,1,76
BRDA:157,25,0,121
BRDA:157,25,1,32
BRDA:157,26,0,153
BRDA:157,26,1,123
BRDA:191,27,0,118
BRDA:191,27,1,40
BRDA:196,28,0,17
BRDA:196,28,1,101
BRDA:200,29,0,34
BRDA:200,29,1,67
BRDA:208,30,0,157
BRDA:208,30,1,40
BRDA:208,31,0,14
BRDA:208,31,1,26
BRDA:244,32,0,15
BRDA:244,32,1,125
BRDA:244,33,0,140
BRDA:244,33,1,140
BRDA:245,34,0,133
BRDA:245,34,1,7
BRDA:245,35,0,140
BRDA:245,35,1,7
BRDA:249,36,0,134
BRDA:249,36,1,6
BRDA:251,37,0,64
BRDA:251,37,1,76
BRDA:253,38,0,92
BRDA:253,38,1,139
BRDA:316,39,0,13
BRDA:316,39,1,354
BRDA:341,40,0,15
BRDA:341,40,1,2
BRDA:341,41,0,17
BRDA:341,41,1,4
BRDA:341,41,2,4
BRDA:362,42,0,20
BRDA:362,42,1,334
BRDA:362,43,0,354
BRDA:362,43,1,322
BRDA:364,44,0,19
BRDA:364,44,1,1
BRDA:383,45,0,17
BRDA:383,45,1,30
BRF:92
BRH:88
end_of_record
