TN:
SF:/Users/lucas/WebstormProjects/javascript-dependency-injection/di.js
FN:7,(anonymous_1)
FN:7,defineProperties
FN:7,(anonymous_3)
FN:9,_classCallCheck
FN:11,(anonymous_5)
FN:12,DI
FN:106,register
FN:138,getInstance
FN:177,createInstance
FN:182,Dependency
FN:208,createInstanceList
FN:231,getSingletonInstance
FN:235,(anonymous_13)
FN:250,createInstanceIfContract
FNF:14
FNH:14
FNDA:1,(anonymous_1)
FNDA:1,defineProperties
FNDA:1,(anonymous_3)
FNDA:18,_classCallCheck
FNDA:1,(anonymous_5)
FNDA:18,DI
FNDA:83,register
FNDA:59,getInstance
FNDA:40,createInstance
FNDA:37,Dependency
FNDA:57,createInstanceList
FNDA:38,getSingletonInstance
FNDA:4,(anonymous_13)
FNDA:173,createInstanceIfContract
DA:0,37
DA:2,18
DA:63,18
DA:93,83
DA:95,17
DA:96,17
DA:99,83
DA:105,83
DA:121,64
DA:122,59
DA:124,59
DA:125,58
DA:126,58
DA:127,38
DA:130,20
DA:132,6
DA:135,14
DA:140,57
DA:156,40
DA:159,1
DA:160,37
DA:163,40
DA:165,37
DA:167,37
DA:170,35
DA:173,38
DA:183,57
DA:187,57
DA:188,193
DA:190,193
DA:191,20
DA:194,173
DA:198,55
DA:203,38
DA:205,38
DA:206,2
DA:207,4
DA:208,2
DA:213,38
DA:214,17
DA:217,38
DA:222,173
DA:224,173
DA:226,23
DA:233,1
DA:235,1
DA:239,171
LF:47
LH:47
BRDA:7,1,0,6
BRDA:7,1,1,6
BRDA:7,2,0,6
BRDA:7,2,1,0
BRDA:7,3,0,1
BRDA:7,3,1,0
BRDA:7,4,0,0
BRDA:7,4,1,1
BRDA:9,5,0,0
BRDA:9,5,1,18
BRDA:107,6,0,17
BRDA:107,6,1,66
BRDA:107,7,0,83
BRDA:107,7,1,83
BRDA:115,8,0,83
BRDA:115,8,1,0
BRDA:116,9,0,83
BRDA:116,9,1,34
BRDA:141,10,0,58
BRDA:141,10,1,1
BRDA:147,11,0,38
BRDA:147,11,1,20
BRDA:151,12,0,6
BRDA:151,12,1,14
BRDA:183,13,0,37
BRDA:183,13,1,6
BRDA:186,14,0,37
BRDA:186,14,1,3
BRDA:215,15,0,58
BRDA:215,15,1,135
BRDA:215,16,0,193
BRDA:215,16,1,171
BRDA:217,17,0,20
BRDA:217,17,1,173
BRDA:234,18,0,2
BRDA:234,18,1,36
BRDA:234,19,0,38
BRDA:234,19,1,38
BRDA:236,20,0,2
BRDA:236,20,1,2
BRDA:242,21,0,17
BRDA:242,21,1,21
BRDA:242,22,0,38
BRDA:242,22,1,23
BRDA:242,22,2,23
BRDA:255,23,0,23
BRDA:255,23,1,150
BRDA:255,24,0,173
BRDA:255,24,1,159
BRDA:257,25,0,22
BRDA:257,25,1,1
BRF:51
BRH:50
end_of_record
